1613504782014	geckodriver	INFO	Listening on 127.0.0.1:60405
1613504785137	mozrunner::runner	INFO	Running command: "C:\\Program Files\\Mozilla Firefox\\firefox.exe" "--marionette" "-foreground" "-no-remote" "-profile" "C:\\Users\\5B3B~1\\AppData\\Local\\Temp\\rust_mozprofileH1ssgc"
console.warn: SearchSettings: "get: No settings file exists, new profile?" (new Error("", "(unknown module)"))
1613504787674	Marionette	INFO	Listening on port 60416
1613504787857	Marionette	WARN	TLS certificate errors will be ignored for this session
1613504787869	Marionette	ERROR	[15] No reply from Marionette:Register
console.warn: SearchSettings: "get: No settings file exists, new profile?" (new Error("", "(unknown module)"))
1613504830610	Marionette	INFO	Stopped listening on port 60416

###!!! [Child][RunMessage] Error: Channel closing: too late to send/recv, messages will be lost

1613504831390	geckodriver	INFO	Listening on 127.0.0.1:60507
1613504834470	mozrunner::runner	INFO	Running command: "C:\\Program Files\\Mozilla Firefox\\firefox.exe" "--marionette" "-foreground" "-no-remote" "-profile" "C:\\Users\\5B3B~1\\AppData\\Local\\Temp\\rust_mozprofileZxN6G0"
1613505094509	geckodriver	INFO	Listening on 127.0.0.1:60811
1613505097641	mozrunner::runner	INFO	Running command: "C:\\Program Files\\Mozilla Firefox\\firefox.exe" "--marionette" "-foreground" "-no-remote" "-profile" "C:\\Users\\5B3B~1\\AppData\\Local\\Temp\\rust_mozprofileNZYVBL"
console.warn: SearchSettings: "get: No settings file exists, new profile?" (new Error("", "(unknown module)"))
1613505100288	Marionette	INFO	Listening on port 60822
1613505100340	Marionette	WARN	TLS certificate errors will be ignored for this session
1613505100359	Marionette	ERROR	[15] No reply from Marionette:Register
console.warn: SearchSettings: "get: No settings file exists, new profile?" (new Error("", "(unknown module)"))
1613505143273	Marionette	INFO	Stopped listening on port 60822

###!!! [Child][RunMessage] Error: Channel closing: too late to send/recv, messages will be lost

1613505144572	geckodriver	INFO	Listening on 127.0.0.1:60944
1613505147656	mozrunner::runner	INFO	Running command: "C:\\Program Files\\Mozilla Firefox\\firefox.exe" "--marionette" "-foreground" "-no-remote" "-profile" "C:\\Users\\5B3B~1\\AppData\\Local\\Temp\\rust_mozprofile2p4Y51"
console.warn: SearchSettings: "get: No settings file exists, new profile?" (new Error("", "(unknown module)"))
1613505150466	Marionette	INFO	Listening on port 60961
1613505150839	Marionette	WARN	TLS certificate errors will be ignored for this session
1613505150854	Marionette	ERROR	[15] No reply from Marionette:Register
1613505633855	geckodriver	INFO	Listening on 127.0.0.1:61616
1613505636992	mozrunner::runner	INFO	Running command: "C:\\Program Files\\Mozilla Firefox\\firefox.exe" "--marionette" "-foreground" "-no-remote" "-profile" "C:\\Users\\5B3B~1\\AppData\\Local\\Temp\\rust_mozprofileXxjjh2"
console.warn: SearchSettings: "get: No settings file exists, new profile?" (new Error("", "(unknown module)"))
1613505639685	Marionette	INFO	Listening on port 61627
1613505639794	Marionette	WARN	TLS certificate errors will be ignored for this session
1613505639812	Marionette	ERROR	[15] No reply from Marionette:Register
console.warn: SearchSettings: "get: No settings file exists, new profile?" (new Error("", "(unknown module)"))
JavaScript error: , line 0: NotFoundError: No such JSWindowActor 'MarionetteEvents'
JavaScript error: , line 0: NotFoundError: No such JSWindowActor 'MarionetteEvents'
JavaScript error: , line 0: NotFoundError: No such JSWindowActor 'MarionetteEvents'
JavaScript error: , line 0: NotFoundError: No such JSWindowActor 'MarionetteEvents'
1613505648287	Marionette	INFO	Stopped listening on port 61627

###!!! [Child][RunMessage] Error: Channel closing: too late to send/recv, messages will be lost

1613505649320	geckodriver	INFO	Listening on 127.0.0.1:61715
1613505652440	mozrunner::runner	INFO	Running command: "C:\\Program Files\\Mozilla Firefox\\firefox.exe" "--marionette" "-foreground" "-no-remote" "-profile" "C:\\Users\\5B3B~1\\AppData\\Local\\Temp\\rust_mozprofileNxUy3z"
console.warn: SearchSettings: "get: No settings file exists, new profile?" (new Error("", "(unknown module)"))
1613505655184	Marionette	INFO	Listening on port 61725
console.warn: SearchSettings: "get: No settings file exists, new profile?" (new Error("", "(unknown module)"))
1613505655644	Marionette	WARN	TLS certificate errors will be ignored for this session
1613505655656	Marionette	ERROR	[15] No reply from Marionette:Register
JavaScript error: , line 0: NotFoundError: No such JSWindowActor 'MarionetteEvents'
JavaScript error: , line 0: NotFoundError: No such JSWindowActor 'MarionetteEvents'
JavaScript error: , line 0: NotFoundError: No such JSWindowActor 'MarionetteEvents'
JavaScript error: , line 0: NotFoundError: No such JSWindowActor 'MarionetteEvents'
1613505664353	Marionette	INFO	Stopped listening on port 61725

###!!! [Child][RunMessage] Error: Channel closing: too late to send/recv, messages will be lost

1613505665434	geckodriver	INFO	Listening on 127.0.0.1:61816
1613505668591	mozrunner::runner	INFO	Running command: "C:\\Program Files\\Mozilla Firefox\\firefox.exe" "--marionette" "-foreground" "-no-remote" "-profile" "C:\\Users\\5B3B~1\\AppData\\Local\\Temp\\rust_mozprofiletj6ZPZ"
console.warn: SearchSettings: "get: No settings file exists, new profile?" (new Error("", "(unknown module)"))
1613505671280	Marionette	INFO	Listening on port 61826
console.warn: SearchSettings: "get: No settings file exists, new profile?" (new Error("", "(unknown module)"))
1613505671799	Marionette	WARN	TLS certificate errors will be ignored for this session
1613505671814	Marionette	ERROR	[15] No reply from Marionette:Register
JavaScript error: , line 0: NotFoundError: No such JSWindowActor 'MarionetteEvents'
JavaScript error: , line 0: NotFoundError: No such JSWindowActor 'MarionetteEvents'
JavaScript error: , line 0: NotFoundError: No such JSWindowActor 'MarionetteEvents'
JavaScript error: , line 0: NotFoundError: No such JSWindowActor 'MarionetteEvents'
1613505679477	Marionette	INFO	Stopped listening on port 61826

###!!! [Child][RunMessage] Error: Channel closing: too late to send/recv, messages will be lost


###!!! [Child][RunMessage] Error: Channel closing: too late to send/recv, messages will be lost

1613505680478	geckodriver	INFO	Listening on 127.0.0.1:61915
1613505683594	mozrunner::runner	INFO	Running command: "C:\\Program Files\\Mozilla Firefox\\firefox.exe" "--marionette" "-foreground" "-no-remote" "-profile" "C:\\Users\\5B3B~1\\AppData\\Local\\Temp\\rust_mozprofileHOB4kp"
console.warn: SearchSettings: "get: No settings file exists, new profile?" (new Error("", "(unknown module)"))
1613505686402	Marionette	INFO	Listening on port 61927
1613505686805	Marionette	WARN	TLS certificate errors will be ignored for this session
1613505686820	Marionette	ERROR	[18] No reply from Marionette:Register
A content process crashed and MOZ_CRASHREPORTER_SHUTDOWN is set, shutting down
1613505766060	geckodriver	INFO	Listening on 127.0.0.1:62085
1613505769208	mozrunner::runner	INFO	Running command: "C:\\Program Files\\Mozilla Firefox\\firefox.exe" "--marionette" "-foreground" "-no-remote" "-profile" "C:\\Users\\5B3B~1\\AppData\\Local\\Temp\\rust_mozprofilePO5efe"
console.warn: SearchSettings: "get: No settings file exists, new profile?" (new Error("", "(unknown module)"))
1613505771686	Marionette	INFO	Listening on port 62094
1613505771945	Marionette	WARN	TLS certificate errors will be ignored for this session
1613505771981	Marionette	ERROR	[15] No reply from Marionette:Register
console.warn: SearchSettings: "get: No settings file exists, new profile?" (new Error("", "(unknown module)"))
JavaScript error: , line 0: NotFoundError: No such JSWindowActor 'MarionetteEvents'
JavaScript error: , line 0: NotFoundError: No such JSWindowActor 'MarionetteEvents'
1613505775944	Marionette	INFO	Stopped listening on port 62094

###!!! [Child][RunMessage] Error: Channel closing: too late to send/recv, messages will be lost

1613505776972	geckodriver	INFO	Listening on 127.0.0.1:62168
1613505780109	mozrunner::runner	INFO	Running command: "C:\\Program Files\\Mozilla Firefox\\firefox.exe" "--marionette" "-foreground" "-no-remote" "-profile" "C:\\Users\\5B3B~1\\AppData\\Local\\Temp\\rust_mozprofileAqYj4B"
console.warn: SearchSettings: "get: No settings file exists, new profile?" (new Error("", "(unknown module)"))
1613505782981	Marionette	INFO	Listening on port 62177
console.warn: SearchSettings: "get: No settings file exists, new profile?" (new Error("", "(unknown module)"))
1613505783323	Marionette	WARN	TLS certificate errors will be ignored for this session
1613505783335	Marionette	ERROR	[18] No reply from Marionette:Register
JavaScript error: , line 0: NotFoundError: No such JSWindowActor 'MarionetteEvents'
JavaScript error: , line 0: NotFoundError: No such JSWindowActor 'MarionetteEvents'
1613505789005	Marionette	INFO	Stopped listening on port 62177

###!!! [Child][RunMessage] Error: Channel closing: too late to send/recv, messages will be lost

1613505789982	geckodriver	INFO	Listening on 127.0.0.1:62256
1613505793146	mozrunner::runner	INFO	Running command: "C:\\Program Files\\Mozilla Firefox\\firefox.exe" "--marionette" "-foreground" "-no-remote" "-profile" "C:\\Users\\5B3B~1\\AppData\\Local\\Temp\\rust_mozprofileDoLGPg"
console.warn: SearchSettings: "get: No settings file exists, new profile?" (new Error("", "(unknown module)"))
1613505795714	Marionette	INFO	Listening on port 62265
1613505795862	Marionette	WARN	TLS certificate errors will be ignored for this session
1613505795878	Marionette	ERROR	[15] No reply from Marionette:Register
console.warn: SearchSettings: "get: No settings file exists, new profile?" (new Error("", "(unknown module)"))
JavaScript error: , line 0: NotFoundError: No such JSWindowActor 'MarionetteEvents'
JavaScript error: , line 0: NotFoundError: No such JSWindowActor 'MarionetteEvents'
JavaScript error: , line 0: NotFoundError: No such JSWindowActor 'MarionetteEvents'
JavaScript error: , line 0: NotFoundError: No such JSWindowActor 'MarionetteEvents'
1613505804810	Marionette	INFO	Stopped listening on port 62265

###!!! [Child][RunMessage] Error: Channel closing: too late to send/recv, messages will be lost

1613505806095	geckodriver	INFO	Listening on 127.0.0.1:62356
1613505809228	mozrunner::runner	INFO	Running command: "C:\\Program Files\\Mozilla Firefox\\firefox.exe" "--marionette" "-foreground" "-no-remote" "-profile" "C:\\Users\\5B3B~1\\AppData\\Local\\Temp\\rust_mozprofilewEa5ix"
console.warn: SearchSettings: "get: No settings file exists, new profile?" (new Error("", "(unknown module)"))
1613505811807	Marionette	INFO	Listening on port 62368
1613505811955	Marionette	WARN	TLS certificate errors will be ignored for this session
1613505811967	Marionette	ERROR	[15] No reply from Marionette:Register
JavaScript error: , line 0: NotFoundError: No such JSWindowActor 'MarionetteEvents'
JavaScript error: , line 0: NotFoundError: No such JSWindowActor 'MarionetteEvents'
JavaScript error: , line 0: NotFoundError: No such JSWindowActor 'MarionetteEvents'
JavaScript error: , line 0: NotFoundError: No such JSWindowActor 'MarionetteEvents'
1613505833662	Marionette	INFO	Stopped listening on port 62368

###!!! [Child][RunMessage] Error: Channel closing: too late to send/recv, messages will be lost

1613505834963	geckodriver	INFO	Listening on 127.0.0.1:62485
1613505838067	mozrunner::runner	INFO	Running command: "C:\\Program Files\\Mozilla Firefox\\firefox.exe" "--marionette" "-foreground" "-no-remote" "-profile" "C:\\Users\\5B3B~1\\AppData\\Local\\Temp\\rust_mozprofiles3BcD9"
console.warn: SearchSettings: "get: No settings file exists, new profile?" (new Error("", "(unknown module)"))
1613505840644	Marionette	INFO	Listening on port 62494
1613505840789	Marionette	WARN	TLS certificate errors will be ignored for this session
1613505840805	Marionette	ERROR	[15] No reply from Marionette:Register
console.warn: SearchSettings: "get: No settings file exists, new profile?" (new Error("", "(unknown module)"))
JavaScript error: , line 0: NotFoundError: No such JSWindowActor 'MarionetteEvents'
JavaScript error: , line 0: NotFoundError: No such JSWindowActor 'MarionetteEvents'
JavaScript error: , line 0: NotFoundError: No such JSWindowActor 'MarionetteEvents'
JavaScript error: , line 0: NotFoundError: No such JSWindowActor 'MarionetteEvents'
1613505849291	Marionette	INFO	Stopped listening on port 62494

###!!! [Child][RunMessage] Error: Channel closing: too late to send/recv, messages will be lost

